2023-06-19 09:03:55,745 INFO  StartupInfoLogger:51 - [] Starting ProxemconnectorApplication using Java 17.0.6 with PID 13808 (C:\Users\Dell\IdeaProjects\ConnectorCSV\target\classes started by Dell in C:\Users\Dell\IdeaProjects\ConnectorCSV)
2023-06-19 09:03:55,754 INFO  SpringApplication:632 - [] No active profile set, falling back to 1 default profile: "default"
2023-06-19 09:03:57,003 INFO  RepositoryConfigurationDelegate:291 - [] Multiple Spring Data modules found, entering strict repository configuration mode
2023-06-19 09:03:57,004 INFO  RepositoryConfigurationDelegate:138 - [] Bootstrapping Spring Data JDBC repositories in DEFAULT mode.
2023-06-19 09:03:57,061 INFO  RepositoryConfigurationExtensionSupport:320 - [] Spring Data JDBC - Could not safely identify store assignment for repository candidate interface com.keyrus.proxemconnector.connector.csv.configuration.repository.csvConnector.ConnectorJDBCDatabaseRepository; If you want this repository to be a JDBC repository, consider annotating your entities with one of these annotations: org.springframework.data.relational.core.mapping.Table.
2023-06-19 09:03:57,063 INFO  RepositoryConfigurationExtensionSupport:320 - [] Spring Data JDBC - Could not safely identify store assignment for repository candidate interface com.keyrus.proxemconnector.connector.csv.configuration.repository.project.ProjectJDBCDatabaseRepository; If you want this repository to be a JDBC repository, consider annotating your entities with one of these annotations: org.springframework.data.relational.core.mapping.Table.
2023-06-19 09:03:57,065 INFO  RepositoryConfigurationExtensionSupport:320 - [] Spring Data JDBC - Could not safely identify store assignment for repository candidate interface com.keyrus.proxemconnector.connector.csv.configuration.repository.SquedulerJDBC; If you want this repository to be a JDBC repository, consider annotating your entities with one of these annotations: org.springframework.data.relational.core.mapping.Table.
2023-06-19 09:03:57,066 INFO  RepositoryConfigurationDelegate:208 - [] Finished Spring Data repository scanning in 56 ms. Found 0 JDBC repository interfaces.
2023-06-19 09:03:57,077 INFO  RepositoryConfigurationDelegate:291 - [] Multiple Spring Data modules found, entering strict repository configuration mode
2023-06-19 09:03:57,079 INFO  RepositoryConfigurationDelegate:138 - [] Bootstrapping Spring Data JPA repositories in DEFAULT mode.
2023-06-19 09:03:57,136 INFO  RepositoryConfigurationDelegate:208 - [] Finished Spring Data repository scanning in 48 ms. Found 3 JPA repository interfaces.
2023-06-19 09:03:58,024 INFO  TomcatWebServer:108 - [] Tomcat initialized with port(s): 8080 (http)
2023-06-19 09:03:58,041 INFO  DirectJDKLog:173 - [] Starting service [Tomcat]
2023-06-19 09:03:58,042 INFO  DirectJDKLog:173 - [] Starting Servlet engine: [Apache Tomcat/10.1.8]
2023-06-19 09:03:58,170 INFO  DirectJDKLog:173 - [] Initializing Spring embedded WebApplicationContext
2023-06-19 09:03:58,171 INFO  ServletWebServerApplicationContext:291 - [] Root WebApplicationContext: initialization completed in 2348 ms
2023-06-19 09:03:58,491 DEBUG ServletContextInitializerBeans:234 - [] Mapping filters: filterRegistrationBean urls=[/*] order=-2147483647, characterEncodingFilter urls=[/*] order=-2147483648, formContentFilter urls=[/*] order=-9900, requestContextFilter urls=[/*] order=-105
2023-06-19 09:03:58,492 DEBUG ServletContextInitializerBeans:234 - [] Mapping servlets: dispatcherServlet urls=[/]
2023-06-19 09:03:58,528 DEBUG GenericFilterBean:240 - [] Filter 'serverHttpObservationFilter' configured for use
2023-06-19 09:03:58,582 INFO  HikariDataSource:110 - [] HikariPool-1 - Starting...
2023-06-19 09:03:59,089 INFO  HikariPool:565 - [] HikariPool-1 - Added connection org.postgresql.jdbc.PgConnection@5c1b89ac
2023-06-19 09:03:59,091 INFO  HikariDataSource:123 - [] HikariPool-1 - Start completed.
2023-06-19 09:03:59,317 INFO  LogHelper:31 - [] HHH000204: Processing PersistenceUnitInfo [name: default]
2023-06-19 09:03:59,461 INFO  Version:44 - [] HHH000412: Hibernate ORM core version 6.1.7.Final
2023-06-19 09:03:59,864 INFO  DialectFactoryImpl:66 - [] HHH000400: Using dialect: org.hibernate.dialect.PostgreSQLDialect
2023-06-19 09:04:00,688 INFO  JtaPlatformInitiator:51 - [] HHH000490: Using JtaPlatform implementation: [org.hibernate.engine.transaction.jta.platform.internal.NoJtaPlatform]
2023-06-19 09:04:00,700 INFO  AbstractEntityManagerFactoryBean:437 - [] Initialized JPA EntityManagerFactory for persistence unit 'default'
2023-06-19 09:04:01,195 WARN  JpaBaseConfiguration$JpaWebConfiguration:231 - [] spring.jpa.open-in-view is enabled by default. Therefore, database queries may be performed during view rendering. Explicitly configure spring.jpa.open-in-view to disable this warning
2023-06-19 09:04:01,313 DEBUG RequestMappingHandlerAdapter:614 - [] ControllerAdvice beans: 0 @ModelAttribute, 0 @InitBinder, 1 RequestBodyAdvice, 1 ResponseBodyAdvice
2023-06-19 09:04:01,400 DEBUG AbstractHandlerMethodMapping:366 - [] 33 mappings in 'requestMappingHandlerMapping'
2023-06-19 09:04:01,434 DEBUG SimpleUrlHandlerMapping:187 - [] Patterns [/webjars/**, /**] in 'resourceHandlerMapping'
2023-06-19 09:04:01,451 DEBUG ExceptionHandlerExceptionResolver:292 - [] ControllerAdvice beans: 2 @ExceptionHandler, 1 ResponseBodyAdvice
2023-06-19 09:04:01,622 INFO  StdSchedulerFactory:1220 - [] Using default implementation for ThreadExecutor
2023-06-19 09:04:01,645 INFO  SchedulerSignalerImpl:61 - [] Initialized Scheduler Signaller of type: class org.quartz.core.SchedulerSignalerImpl
2023-06-19 09:04:01,646 INFO  QuartzScheduler:229 - [] Quartz Scheduler v.2.3.2 created.
2023-06-19 09:04:01,647 INFO  RAMJobStore:155 - [] RAMJobStore initialized.
2023-06-19 09:04:01,648 INFO  QuartzScheduler:294 - [] Scheduler meta-data: Quartz Scheduler (v2.3.2) 'quartzScheduler' with instanceId 'NON_CLUSTERED'
  Scheduler class: 'org.quartz.core.QuartzScheduler' - running locally.
  NOT STARTED.
  Currently in standby mode.
  Number of jobs executed: 0
  Using thread pool 'org.quartz.simpl.SimpleThreadPool' - with 10 threads.
  Using job-store 'org.quartz.simpl.RAMJobStore' - which does not support persistence. and is not clustered.

2023-06-19 09:04:01,648 INFO  StdSchedulerFactory:1374 - [] Quartz scheduler 'quartzScheduler' initialized from an externally provided properties instance.
2023-06-19 09:04:01,648 INFO  StdSchedulerFactory:1378 - [] Quartz scheduler version: 2.3.2
2023-06-19 09:04:01,648 INFO  QuartzScheduler:2293 - [] JobFactory set to: org.springframework.scheduling.quartz.SpringBeanJobFactory@6a827b0c
2023-06-19 09:04:01,941 INFO  EndpointLinksResolver:58 - [] Exposing 16 endpoint(s) beneath base path '/actuator'
2023-06-19 09:04:02,047 INFO  TomcatWebServer:220 - [] Tomcat started on port(s): 8080 (http) with context path ''
2023-06-19 09:04:02,049 INFO  SchedulerFactoryBean:729 - [] Starting Quartz Scheduler now
2023-06-19 09:04:02,050 INFO  QuartzScheduler:547 - [] Scheduler quartzScheduler_$_NON_CLUSTERED started.
2023-06-19 09:04:02,066 INFO  StartupInfoLogger:57 - [] Started ProxemconnectorApplication in 6.902 seconds (process running for 8.593)
2023-06-19 09:08:07,250 INFO  DirectJDKLog:173 - [] Initializing Spring DispatcherServlet 'dispatcherServlet'
2023-06-19 09:08:07,251 INFO  FrameworkServlet:532 - [] Initializing Servlet 'dispatcherServlet'
2023-06-19 09:08:07,251 DEBUG DispatcherServlet:528 - [] Detected StandardServletMultipartResolver
2023-06-19 09:08:07,251 DEBUG DispatcherServlet:552 - [] Detected AcceptHeaderLocaleResolver
2023-06-19 09:08:07,251 DEBUG DispatcherServlet:578 - [] Detected FixedThemeResolver
2023-06-19 09:08:07,253 DEBUG DispatcherServlet:728 - [] Detected org.springframework.web.servlet.view.DefaultRequestToViewNameTranslator@3ba50851
2023-06-19 09:08:07,253 DEBUG DispatcherServlet:792 - [] Detected org.springframework.web.servlet.support.SessionFlashMapManager@58701e8c
2023-06-19 09:08:07,253 DEBUG FrameworkServlet:549 - [] enableLoggingRequestDetails='false': request parameters and headers will be masked to prevent unsafe logging of potentially sensitive data
2023-06-19 09:08:07,254 INFO  FrameworkServlet:554 - [] Completed initialization in 3 ms
2023-06-19 09:08:07,277 DEBUG LogFormatUtils:120 - [traceId=64900ce715c156461a3f93fe76f2189e, spanId=1a3f93fe76f2189e] GET "/configuration/connectors?page=0&size=3", parameters={masked}
2023-06-19 09:08:07,283 DEBUG AbstractHandlerMapping:528 - [traceId=64900ce715c156461a3f93fe76f2189e, spanId=1a3f93fe76f2189e] Mapped to com.keyrus.proxemconnector.connector.csv.configuration.rest.router.ConnectorRestRouter#getAllConnectors(String, int, int)
2023-06-19 09:08:07,574 DEBUG AbstractMessageConverterMethodProcessor:275 - [traceId=64900ce715c156461a3f93fe76f2189e, spanId=1a3f93fe76f2189e] Using 'application/json', given [application/json, text/plain, */*] and supported [application/json, application/*+json]
2023-06-19 09:08:07,576 DEBUG LogFormatUtils:120 - [traceId=64900ce715c156461a3f93fe76f2189e, spanId=1a3f93fe76f2189e] Writing [{connectors=[ConfigurationDAO[<EOL>    id=test00,<EOL>    name=test00,<EOL>    separator=;,<EOL>    encoding=UTF-8,<EOL> (truncated)...]
2023-06-19 09:08:07,635 DEBUG FrameworkServlet:1135 - [traceId=64900ce715c156461a3f93fe76f2189e, spanId=1a3f93fe76f2189e] Completed 200 OK
2023-06-19 09:08:18,951 DEBUG LogFormatUtils:120 - [traceId=64900cf2ef498927b971159e531fc7bd, spanId=b971159e531fc7bd] GET "/configuration/connectors?page=0&size=3", parameters={masked}
2023-06-19 09:08:18,953 DEBUG AbstractHandlerMapping:528 - [traceId=64900cf2ef498927b971159e531fc7bd, spanId=b971159e531fc7bd] Mapped to com.keyrus.proxemconnector.connector.csv.configuration.rest.router.ConnectorRestRouter#getAllConnectors(String, int, int)
2023-06-19 09:08:18,965 DEBUG AbstractMessageConverterMethodProcessor:275 - [traceId=64900cf2ef498927b971159e531fc7bd, spanId=b971159e531fc7bd] Using 'application/json', given [application/json, text/plain, */*] and supported [application/json, application/*+json]
2023-06-19 09:08:18,965 DEBUG LogFormatUtils:120 - [traceId=64900cf2ef498927b971159e531fc7bd, spanId=b971159e531fc7bd] Writing [{connectors=[ConfigurationDAO[<EOL>    id=test00,<EOL>    name=test00,<EOL>    separator=;,<EOL>    encoding=UTF-8,<EOL> (truncated)...]
2023-06-19 09:08:18,967 DEBUG FrameworkServlet:1135 - [traceId=64900cf2ef498927b971159e531fc7bd, spanId=b971159e531fc7bd] Completed 200 OK
2023-06-19 09:08:21,478 DEBUG LogFormatUtils:120 - [traceId=64900cf599c9985b9730d59d404f2942, spanId=9730d59d404f2942] GET "/configuration/findById/test00", parameters={}
2023-06-19 09:08:21,480 DEBUG AbstractHandlerMapping:528 - [traceId=64900cf599c9985b9730d59d404f2942, spanId=9730d59d404f2942] Mapped to com.keyrus.proxemconnector.connector.csv.configuration.rest.router.ConnectorRestRouter#findOneById(String, String)
2023-06-19 09:08:21,754 DEBUG AbstractMessageConverterMethodProcessor:275 - [traceId=64900cf599c9985b9730d59d404f2942, spanId=9730d59d404f2942] Using 'application/json', given [application/json, text/plain, */*] and supported [application/json]
2023-06-19 09:08:21,766 DEBUG LogFormatUtils:120 - [traceId=64900cf599c9985b9730d59d404f2942, spanId=9730d59d404f2942] Writing [ConnectorCSVDTO[id=test00, name=test00, separator=;, encoding=UTF-8, path=email.csv, quotingCaracter (truncated)...]
2023-06-19 09:08:21,768 DEBUG FrameworkServlet:1135 - [traceId=64900cf599c9985b9730d59d404f2942, spanId=9730d59d404f2942] Completed 200 OK
2023-06-19 09:08:24,544 DEBUG LogFormatUtils:120 - [traceId=64900cf81e5d4a2c18f17b7dacb6fbb6, spanId=18f17b7dacb6fbb6] GET "/configuration/connectors?page=0&size=3", parameters={masked}
2023-06-19 09:08:24,546 DEBUG AbstractHandlerMapping:528 - [traceId=64900cf81e5d4a2c18f17b7dacb6fbb6, spanId=18f17b7dacb6fbb6] Mapped to com.keyrus.proxemconnector.connector.csv.configuration.rest.router.ConnectorRestRouter#getAllConnectors(String, int, int)
2023-06-19 09:08:24,559 DEBUG AbstractMessageConverterMethodProcessor:275 - [traceId=64900cf81e5d4a2c18f17b7dacb6fbb6, spanId=18f17b7dacb6fbb6] Using 'application/json', given [application/json, text/plain, */*] and supported [application/json, application/*+json]
2023-06-19 09:08:24,560 DEBUG LogFormatUtils:120 - [traceId=64900cf81e5d4a2c18f17b7dacb6fbb6, spanId=18f17b7dacb6fbb6] Writing [{connectors=[ConfigurationDAO[<EOL>    id=test00,<EOL>    name=test00,<EOL>    separator=;,<EOL>    encoding=UTF-8,<EOL> (truncated)...]
2023-06-19 09:08:24,562 DEBUG FrameworkServlet:1135 - [traceId=64900cf81e5d4a2c18f17b7dacb6fbb6, spanId=18f17b7dacb6fbb6] Completed 200 OK
2023-06-19 09:08:47,209 INFO  QuartzScheduler:585 - [] Scheduler quartzScheduler_$_NON_CLUSTERED paused.
2023-06-19 09:08:47,246 INFO  SchedulerFactoryBean:847 - [] Shutting down Quartz Scheduler
2023-06-19 09:08:47,246 INFO  QuartzScheduler:666 - [] Scheduler quartzScheduler_$_NON_CLUSTERED shutting down.
2023-06-19 09:08:47,246 INFO  QuartzScheduler:585 - [] Scheduler quartzScheduler_$_NON_CLUSTERED paused.
2023-06-19 09:08:47,246 INFO  QuartzScheduler:740 - [] Scheduler quartzScheduler_$_NON_CLUSTERED shutdown complete.
2023-06-19 09:08:47,248 INFO  AbstractEntityManagerFactoryBean:650 - [] Closing JPA EntityManagerFactory for persistence unit 'default'
2023-06-19 09:08:47,253 INFO  HikariDataSource:350 - [] HikariPool-1 - Shutdown initiated...
2023-06-19 09:08:47,259 INFO  HikariDataSource:352 - [] HikariPool-1 - Shutdown completed.
